<?xml version="1.0" encoding="UTF-8"?>
<!-- Generated by org.testng.reporters.JUnitReportReporter -->
<testsuite hostname="DESKTOP-V39QH6A" failures="0" tests="1" name="com.testng.practice.ActionsEx3" time="8.275" errors="0" timestamp="2022-11-09T09:27:04 IST" skipped="0">
  <testcase classname="com.testng.practice.ActionsEx3" name="actionEx3" time="8.275"/>
  <system-out/>
</testsuite> <!-- com.testng.practice.ActionsEx3 -->
