<?xml version="1.0" encoding="UTF-8"?>
<!-- Generated by org.testng.reporters.JUnitReportReporter -->
<testsuite hostname="DESKTOP-V39QH6A" failures="0" tests="2" name="com.testng.practice.TestNGProgram" time="38.107" errors="0" timestamp="2022-11-09T09:27:04 IST" skipped="0">
  <testcase classname="com.testng.practice.TestNGProgram" name="FramesEx" time="22.956"/>
  <system-out/>
  <testcase classname="com.testng.practice.TestNGProgram" name="PositionEx" time="15.151"/>
  <system-out/>
</testsuite> <!-- com.testng.practice.TestNGProgram -->
