<?xml version="1.0" encoding="UTF-8"?>
<!-- Generated by org.testng.reporters.JUnitReportReporter -->
<testsuite hostname="DESKTOP-V39QH6A" failures="0" tests="4" name="com.testng.practice.MultipleTests" time="0.013" errors="0" timestamp="2022-11-09T09:27:04 IST" skipped="1">
  <testcase classname="com.testng.practice.MultipleTests" name="aThird" time="0.003"/>
  <system-out/>
  <testcase classname="com.testng.practice.MultipleTests" name="cFirst" time="0.004"/>
  <system-out/>
  <testcase classname="com.testng.practice.MultipleTests" name="dFour" time="0.006"/>
  <system-out/>
  <testcase classname="com.testng.practice.MultipleTests" name="bSecond">
    <skipped/>
  </testcase> <!-- bSecond -->
  <system-out/>
</testsuite> <!-- com.testng.practice.MultipleTests -->
